<?xml version="1.0" encoding="UTF-8"?>
<!-- Generated by org.testng.reporters.JUnitReportReporter -->
<testsuite skipped="0" hostname="DESKTOP-7MQHOP7" name="com.restapi.regression.PostAPI2Test" tests="1" failures="0" timestamp="2020-12-03T18:39:19 IST" time="4.916" errors="0">
  <testcase name="postcreatevaliation" time="4.916" classname="com.restapi.regression.PostAPI2Test"/>
</testsuite> <!-- com.restapi.regression.PostAPI2Test -->
