<?xml version="1.0" encoding="UTF-8"?>
<!-- Generated by org.testng.reporters.JUnitReportReporter -->
<testsuite skipped="0" hostname="DESKTOP-7MQHOP7" name="com.restapi.regression.PostAPITest" tests="1" failures="0" timestamp="2020-12-03T17:47:43 IST" time="7.000" errors="0">
  <testcase name="validatepostrequest" time="7.000" classname="com.restapi.regression.PostAPITest"/>
</testsuite> <!-- com.restapi.regression.PostAPITest -->
