<?xml version="1.0" encoding="UTF-8"?>
<!-- Generated by org.testng.reporters.JUnitReportReporter -->
<testsuite skipped="0" hostname="DESKTOP-7MQHOP7" name="com.restapi.regression.GetAPITest" tests="1" failures="0" timestamp="2020-12-03T16:41:19 IST" time="8.810" errors="0">
  <testcase name="getvalidation" time="8.810" classname="com.restapi.regression.GetAPITest"/>
</testsuite> <!-- com.restapi.regression.GetAPITest -->
